<?xml version="1.0" encoding="UTF-8"?>
<testng-results skipped="0" failed="0" total="1" passed="1">
  <reporter-output>
  </reporter-output>
  <suite name="Default suite" duration-ms="23187" started-at="2018-08-30T17:04:45Z" finished-at="2018-08-30T17:05:09Z">
    <groups>
    </groups>
    <test name="Default test" duration-ms="23187" started-at="2018-08-30T17:04:45Z" finished-at="2018-08-30T17:05:09Z">
      <class name="com.regression.testscripts.VerifyAutomationTesting">
        <test-method status="PASS" signature="verifyRegister()[pri:0, instance:com.regression.testscripts.VerifyAutomationTesting@5419f379]" name="verifyRegister" duration-ms="23166" started-at="2018-08-30T13:04:45Z" finished-at="2018-08-30T13:05:09Z">
          <reporter-output>
          </reporter-output>
        </test-method> <!-- verifyRegister -->
      </class> <!-- com.regression.testscripts.VerifyAutomationTesting -->
    </test> <!-- Default test -->
  </suite> <!-- Default suite -->
</testng-results>
